2025-11-09 00:01:07,666 - __main__ - INFO - Starting YOLO PySide6 application
2025-11-09 00:01:08,810 - __main__ - INFO - PySide6 application started successfully
2025-11-09 00:09:00,673 - __main__ - INFO - Resources cleaned up. Application terminated.
2025-11-09 00:09:11,451 - __main__ - INFO - Starting YOLO PySide6 application
2025-11-09 00:09:12,769 - __main__ - INFO - PySide6 application started successfully
2025-11-09 00:09:19,139 - __main__ - INFO - Process priority set to HIGH_PRIORITY_CLASS (Windows)
2025-11-09 00:09:19,140 - __main__ - INFO - Loading YOLO model for segmentation task...
2025-11-09 00:09:19,154 - __main__ - INFO - Model loaded successfully
2025-11-09 00:09:19,154 - __main__ - INFO - Warming up model with dummy frames...
2025-11-09 00:09:20,982 - __main__ - WARNING - Warmup failed: Exception from src\inference\src\cpp\infer_request.cpp:121:
Exception from src\inference\src\cpp\infer_request.cpp:66:
Exception from src\inference\src\dev\isync_infer_request.cpp:228:
Failed to set tensor. Check 'is_dynamic || port.get_shape() == tensor->get_shape()' failed at src\inference\src\dev\isync_infer_request.cpp:287:
The input tensor size is not equal to the model input type: got [5,3,640,640] expecting [1,3,640,640].




2025-11-09 00:09:20,992 - __main__ - INFO - Using camera index 1 as source
2025-11-09 00:09:20,994 - __main__ - INFO - Creating Ultralytics streaming generator...
2025-11-09 00:09:21,860 - __main__ - INFO - Starting processing loop (Ultralytics stream=True)
2025-11-09 00:10:20,615 - __main__ - INFO - User stopped detection. Frames processed: 724
2025-11-09 00:12:46,782 - __main__ - INFO - Resources cleaned up. Application terminated.
2025-11-09 00:12:52,591 - __main__ - INFO - Starting YOLO PySide6 application
2025-11-09 00:12:53,749 - __main__ - INFO - PySide6 application started successfully
2025-11-09 00:13:01,241 - __main__ - INFO - Resources cleaned up. Application terminated.
